  Files.cpp
D:\tonif\Universidade\EDA\Projeto 2\Structs.h(54,13): error C2143: erro de sintaxe: ';' ausente antes de '*'
D:\tonif\Universidade\EDA\Projeto 2\Structs.h(54,13): error C4430: faltando especificador de tipo - int assumido. Observação: C++ não suporta default-int
D:\tonif\Universidade\EDA\Projeto 2\Structs.h(54,34): error C2238: token(s) inesperado(s) precedendo ';'
D:\tonif\Universidade\EDA\Projeto 2\Files.h(14,38): error C4430: faltando especificador de tipo - int assumido. Observação: C++ não suporta default-int
D:\tonif\Universidade\EDA\Projeto 2\Files.h(14,38): error C2143: erro de sintaxe: ',' ausente antes de '*'
D:\tonif\Universidade\EDA\Projeto 2\Files.h(20,6): error C2182: 'loadStorageFromFiles': uso inválido de tipo 'void'
D:\tonif\Universidade\EDA\Projeto 2\Files.h(20,27): error C2065: 'Storage': identificador não declarado
D:\tonif\Universidade\EDA\Projeto 2\Files.h(20,36): error C2065: 'supermarketStorage': identificador não declarado
D:\tonif\Universidade\EDA\Projeto 2\Files.h(20,67): error C2065: 'supermarketFilepaths': identificador não declarado
D:\tonif\Universidade\EDA\Projeto 2\Files.h(20,56): error C2275: 'Filepaths': uso inválido deste tipo como uma expressão
D:\tonif\Universidade\EDA\Projeto 2\Structs.h(6): message : consulte a declaração de 'Filepaths'
  Main.cpp
D:\tonif\Universidade\EDA\Projeto 2\Structs.h(54,13): error C2143: erro de sintaxe: ';' ausente antes de '*'
D:\tonif\Universidade\EDA\Projeto 2\Structs.h(54,13): error C4430: faltando especificador de tipo - int assumido. Observação: C++ não suporta default-int
D:\tonif\Universidade\EDA\Projeto 2\Structs.h(54,34): error C2238: token(s) inesperado(s) precedendo ';'
D:\tonif\Universidade\EDA\Projeto 2\Files.h(14,38): error C4430: faltando especificador de tipo - int assumido. Observação: C++ não suporta default-int
D:\tonif\Universidade\EDA\Projeto 2\Files.h(14,38): error C2143: erro de sintaxe: ',' ausente antes de '*'
D:\tonif\Universidade\EDA\Projeto 2\Files.h(20,6): error C2182: 'loadStorageFromFiles': uso inválido de tipo 'void'
D:\tonif\Universidade\EDA\Projeto 2\Files.h(20,27): error C2065: 'Storage': identificador não declarado
D:\tonif\Universidade\EDA\Projeto 2\Files.h(20,36): error C2065: 'supermarketStorage': identificador não declarado
D:\tonif\Universidade\EDA\Projeto 2\Files.h(20,67): error C2065: 'supermarketFilepaths': identificador não declarado
D:\tonif\Universidade\EDA\Projeto 2\Files.h(20,56): error C2275: 'Filepaths': uso inválido deste tipo como uma expressão
D:\tonif\Universidade\EDA\Projeto 2\Structs.h(6): message : consulte a declaração de 'Filepaths'
D:\tonif\Universidade\EDA\Projeto 2\Main.cpp(16,12): warning C4244: 'argumento': conversão de 'time_t' para 'unsigned int', possível perda de dados
  Management.cpp
D:\tonif\Universidade\EDA\Projeto 2\Structs.h(54,13): error C2143: erro de sintaxe: ';' ausente antes de '*'
D:\tonif\Universidade\EDA\Projeto 2\Structs.h(54,13): error C4430: faltando especificador de tipo - int assumido. Observação: C++ não suporta default-int
D:\tonif\Universidade\EDA\Projeto 2\Structs.h(54,34): error C2238: token(s) inesperado(s) precedendo ';'
D:\tonif\Universidade\EDA\Projeto 2\Files.h(14,38): error C4430: faltando especificador de tipo - int assumido. Observação: C++ não suporta default-int
D:\tonif\Universidade\EDA\Projeto 2\Files.h(14,38): error C2143: erro de sintaxe: ',' ausente antes de '*'
D:\tonif\Universidade\EDA\Projeto 2\Files.h(20,6): error C2182: 'loadStorageFromFiles': uso inválido de tipo 'void'
D:\tonif\Universidade\EDA\Projeto 2\Files.h(20,27): error C2065: 'Storage': identificador não declarado
D:\tonif\Universidade\EDA\Projeto 2\Files.h(20,36): error C2065: 'supermarketStorage': identificador não declarado
D:\tonif\Universidade\EDA\Projeto 2\Files.h(20,67): error C2065: 'supermarketFilepaths': identificador não declarado
D:\tonif\Universidade\EDA\Projeto 2\Files.h(20,56): error C2275: 'Filepaths': uso inválido deste tipo como uma expressão
D:\tonif\Universidade\EDA\Projeto 2\Structs.h(6): message : consulte a declaração de 'Filepaths'
  SuperMarket.cpp
D:\tonif\Universidade\EDA\Projeto 2\Structs.h(54,13): error C2143: erro de sintaxe: ';' ausente antes de '*'
D:\tonif\Universidade\EDA\Projeto 2\Structs.h(54,13): error C4430: faltando especificador de tipo - int assumido. Observação: C++ não suporta default-int
D:\tonif\Universidade\EDA\Projeto 2\Structs.h(54,34): error C2238: token(s) inesperado(s) precedendo ';'
D:\tonif\Universidade\EDA\Projeto 2\Files.h(14,38): error C4430: faltando especificador de tipo - int assumido. Observação: C++ não suporta default-int
D:\tonif\Universidade\EDA\Projeto 2\Files.h(14,38): error C2143: erro de sintaxe: ',' ausente antes de '*'
D:\tonif\Universidade\EDA\Projeto 2\Files.h(20,6): error C2182: 'loadStorageFromFiles': uso inválido de tipo 'void'
D:\tonif\Universidade\EDA\Projeto 2\Files.h(20,27): error C2065: 'Storage': identificador não declarado
D:\tonif\Universidade\EDA\Projeto 2\Files.h(20,36): error C2065: 'supermarketStorage': identificador não declarado
D:\tonif\Universidade\EDA\Projeto 2\Files.h(20,67): error C2065: 'supermarketFilepaths': identificador não declarado
D:\tonif\Universidade\EDA\Projeto 2\Files.h(20,56): error C2275: 'Filepaths': uso inválido deste tipo como uma expressão
D:\tonif\Universidade\EDA\Projeto 2\Structs.h(6): message : consulte a declaração de 'Filepaths'
D:\tonif\Universidade\EDA\Projeto 2\SuperMarket.cpp(32,12): error C2039: ' productsInTheSector': não é um membro de 'Sector'
D:\tonif\Universidade\EDA\Projeto 2\Structs.h(47): message : consulte a declaração de 'Sector'
  Gerando Código...
